Using pre-set license
Built from '2021.3/staging' branch; Version is '2021.3.22f1 (b6c551784ba3) revision 11978065'; Using compiler version '192829333'; Build Type 'Release'
OS: 'Windows 11  (10.0.22621) 64bit Professional' Language: 'ru' Physical Memory: 16088 MB
BatchMode: 1, IsHumanControllingUs: 0, StartBugReporterOnCrash: 0, Is64bit: 1, IsPro: 1

COMMAND LINE ARGUMENTS:
C:\Program Files\Unity\Hub\Editor\2021.3.22f1\Editor\Unity.exe
-adb2
-batchMode
-noUpm
-name
AssetImportWorker7
-projectPath
C:/Users/Dmitriy/UnityProjects/KR test
-logFile
Logs/AssetImportWorker7.log
-srvPort
55072
Successfully changed project path to: C:/Users/Dmitriy/UnityProjects/KR test
C:/Users/Dmitriy/UnityProjects/KR test
[UnityMemory] Configuration Parameters - Can be set up in boot.config
    "memorysetup-bucket-allocator-granularity=16"
    "memorysetup-bucket-allocator-bucket-count=8"
    "memorysetup-bucket-allocator-block-size=33554432"
    "memorysetup-bucket-allocator-block-count=8"
    "memorysetup-main-allocator-block-size=16777216"
    "memorysetup-thread-allocator-block-size=16777216"
    "memorysetup-gfx-main-allocator-block-size=16777216"
    "memorysetup-gfx-thread-allocator-block-size=16777216"
    "memorysetup-cache-allocator-block-size=4194304"
    "memorysetup-typetree-allocator-block-size=2097152"
    "memorysetup-profiler-bucket-allocator-granularity=16"
    "memorysetup-profiler-bucket-allocator-bucket-count=8"
    "memorysetup-profiler-bucket-allocator-block-size=33554432"
    "memorysetup-profiler-bucket-allocator-block-count=8"
    "memorysetup-profiler-allocator-block-size=16777216"
    "memorysetup-profiler-editor-allocator-block-size=1048576"
    "memorysetup-temp-allocator-size-main=16777216"
    "memorysetup-job-temp-allocator-block-size=2097152"
    "memorysetup-job-temp-allocator-block-size-background=1048576"
    "memorysetup-job-temp-allocator-reduction-small-platforms=262144"
    "memorysetup-temp-allocator-size-background-worker=32768"
    "memorysetup-temp-allocator-size-job-worker=262144"
    "memorysetup-temp-allocator-size-preload-manager=33554432"
    "memorysetup-temp-allocator-size-nav-mesh-worker=65536"
    "memorysetup-temp-allocator-size-audio-worker=65536"
    "memorysetup-temp-allocator-size-cloud-worker=32768"
    "memorysetup-temp-allocator-size-gi-baking-worker=262144"
    "memorysetup-temp-allocator-size-gfx=262144"
Player connection [10808] Host "[IP] 25.38.150.233 [Port] 0 [Flags] 2 [Guid] 782805385 [EditorId] 782805385 [Version] 1048832 [Id] WindowsEditor(7,DESKTOP-GL76) [Debug] 1 [PackageName] WindowsEditor [ProjectName] Editor" joined multi-casting on [225.0.0.222:54997]...

Player connection [10808] Host "[IP] 25.38.150.233 [Port] 0 [Flags] 2 [Guid] 782805385 [EditorId] 782805385 [Version] 1048832 [Id] WindowsEditor(7,DESKTOP-GL76) [Debug] 1 [PackageName] WindowsEditor [ProjectName] Editor" joined alternative multi-casting on [225.0.0.222:34997]...

Refreshing native plugins compatible for Editor in 59.24 ms, found 3 plugins.
Preloading 0 native plugins for Editor in 0.00 ms.
Initialize engine version: 2021.3.22f1 (b6c551784ba3)
[Subsystems] Discovering subsystems at path C:/Program Files/Unity/Hub/Editor/2021.3.22f1/Editor/Data/Resources/UnitySubsystems
[Subsystems] Discovering subsystems at path C:/Users/Dmitriy/UnityProjects/KR test/Assets
GfxDevice: creating device client; threaded=0; jobified=0
Direct3D:
    Version:  Direct3D 11.0 [level 11.1]
    Renderer: NVIDIA GeForce RTX 3060 Laptop GPU (ID=0x2520)
    Vendor:   NVIDIA
    VRAM:     6009 MB
    Driver:   31.0.15.3699
Initialize mono
Mono path[0] = 'C:/Program Files/Unity/Hub/Editor/2021.3.22f1/Editor/Data/Managed'
Mono path[1] = 'C:/Program Files/Unity/Hub/Editor/2021.3.22f1/Editor/Data/MonoBleedingEdge/lib/mono/unityjit-win32'
Mono config path = 'C:/Program Files/Unity/Hub/Editor/2021.3.22f1/Editor/Data/MonoBleedingEdge/etc'
Using monoOptions --debugger-agent=transport=dt_socket,embedding=1,server=y,suspend=n,address=127.0.0.1:56368
Begin MonoManager ReloadAssembly
Registering precompiled unity dll's ...
Register platform support module: C:/Program Files/Unity/Hub/Editor/2021.3.22f1/Editor/Data/PlaybackEngines/WebGLSupport/UnityEditor.WebGL.Extensions.dll
Register platform support module: C:/Program Files/Unity/Hub/Editor/2021.3.22f1/Editor/Data/PlaybackEngines/WindowsStandaloneSupport/UnityEditor.WindowsStandalone.Extensions.dll
Registered in 0.002462 seconds.
Native extension for WindowsStandalone target not found
Native extension for WebGL target not found
Refreshing native plugins compatible for Editor in 50.08 ms, found 3 plugins.
Preloading 0 native plugins for Editor in 0.00 ms.
Mono: successfully reloaded assembly
- Completed reload, in  0.414 seconds
Domain Reload Profiling:
	ReloadAssembly (414ms)
		BeginReloadAssembly (56ms)
			ExecutionOrderSort (0ms)
			DisableScriptedObjects (0ms)
			BackupInstance (0ms)
			ReleaseScriptingObjects (0ms)
			CreateAndSetChildDomain (0ms)
		EndReloadAssembly (294ms)
			LoadAssemblies (55ms)
			RebuildTransferFunctionScriptingTraits (0ms)
			SetupTypeCache (71ms)
			ReleaseScriptCaches (0ms)
			RebuildScriptCaches (19ms)
			SetupLoadedEditorAssemblies (171ms)
				LogAssemblyErrors (0ms)
				InitializePlatformSupportModulesInManaged (5ms)
				SetLoadedEditorAssemblies (0ms)
				RefreshPlugins (50ms)
				BeforeProcessingInitializeOnLoad (1ms)
				ProcessInitializeOnLoadAttributes (83ms)
				ProcessInitializeOnLoadMethodAttributes (31ms)
				AfterProcessingInitializeOnLoad (0ms)
				EditorAssembliesLoaded (0ms)
			ExecutionOrderSort2 (0ms)
			AwakeInstancesAfterBackupRestoration (0ms)
Platform modules already initialized, skipping
Registering precompiled user dll's ...
Registered in 0.002324 seconds.
Begin MonoManager ReloadAssembly
Symbol file LoadedFromMemory doesn't match image C:\Users\Dmitriy\UnityProjects\KR test\Library\PackageCache\com.unity.visualscripting@1.8.0\Editor\VisualScripting.Core\Dependencies\YamlDotNet\Unity.VisualScripting.YamlDotNet.dll
Symbol file LoadedFromMemory doesn't match image C:\Users\Dmitriy\UnityProjects\KR test\Library\PackageCache\com.unity.visualscripting@1.8.0\Editor\VisualScripting.Core\Dependencies\DotNetZip\Unity.VisualScripting.IonicZip.dll
Native extension for WindowsStandalone target not found
Native extension for WebGL target not found
Refreshing native plugins compatible for Editor in 0.42 ms, found 3 plugins.
Preloading 0 native plugins for Editor in 0.00 ms.
Mono: successfully reloaded assembly
- Completed reload, in  0.725 seconds
Domain Reload Profiling:
	ReloadAssembly (726ms)
		BeginReloadAssembly (75ms)
			ExecutionOrderSort (0ms)
			DisableScriptedObjects (4ms)
			BackupInstance (0ms)
			ReleaseScriptingObjects (0ms)
			CreateAndSetChildDomain (13ms)
		EndReloadAssembly (581ms)
			LoadAssemblies (52ms)
			RebuildTransferFunctionScriptingTraits (0ms)
			SetupTypeCache (212ms)
			ReleaseScriptCaches (0ms)
			RebuildScriptCaches (37ms)
			SetupLoadedEditorAssemblies (246ms)
				LogAssemblyErrors (0ms)
				InitializePlatformSupportModulesInManaged (4ms)
				SetLoadedEditorAssemblies (0ms)
				RefreshPlugins (0ms)
				BeforeProcessingInitializeOnLoad (59ms)
				ProcessInitializeOnLoadAttributes (165ms)
				ProcessInitializeOnLoadMethodAttributes (14ms)
				AfterProcessingInitializeOnLoad (3ms)
				EditorAssembliesLoaded (0ms)
			ExecutionOrderSort2 (0ms)
			AwakeInstancesAfterBackupRestoration (5ms)
Platform modules already initialized, skipping
========================================================================
Worker process is ready to serve import requests
Launched and connected shader compiler UnityShaderCompiler.exe after 0.03 seconds
Refreshing native plugins compatible for Editor in 0.44 ms, found 3 plugins.
Preloading 0 native plugins for Editor in 0.00 ms.
Unloading 3047 Unused Serialized files (Serialized files now loaded: 0)
Unloading 24 unused Assets / (113.3 KB). Loaded Objects now: 3507.
Memory consumption went from 107.6 MB to 107.5 MB.
Total: 2.224800 ms (FindLiveObjects: 0.186900 ms CreateObjectMapping: 0.076500 ms MarkObjects: 1.881300 ms  DeleteObjects: 0.078900 ms)

AssetImportParameters requested are different than current active one (requested -> active):
  custom:video-decoder-ogg-theora: a1e56fd34408186e4bbccfd4996cb3dc -> 
  custom:container-muxer-webm: aa71ff27fc2769a1b78a27578f13a17b -> 
  custom:container-demuxer-webm: 4f35f7cbe854078d1ac9338744f61a02 -> 
  custom:video-encoder-webm-vp8: eb34c28f22e8b96e1ab97ce403110664 -> 
  custom:audio-encoder-webm-vorbis: bf7c407c2cedff20999df2af8eb42d56 -> 
  custom:framework-win-MediaFoundation: 216162199b28c13a410421893ffa2e32 -> 
  custom:container-demuxer-ogg: 62fdf1f143b41e24485cea50d1cbac27 -> 
  custom:video-decoder-webm-vp8: 9c59270c3fd7afecdb556c50c9e8de78 -> 
  custom:audio-decoder-ogg-vorbis: bf7c407c2cedff20999df2af8eb42d56 -> 
========================================================================
Received Import Request.
  Time since last request: 2234761.461265 seconds.
  path: Assets/3dKR/door/door_curve.png
  artifactKey: Guid(3ed75ba66764d3a42a6a42a9a1be12af) Importer(815301076,1909f56bfc062723c751e8b465ee728b)
Start importing Assets/3dKR/door/door_curve.png using Guid(3ed75ba66764d3a42a6a42a9a1be12af) Importer(815301076,1909f56bfc062723c751e8b465ee728b)  -> (artifact id: 'cf8d5c6192821a9f714e4a977e67a8ae') in 0.092345 seconds 
========================================================================
Received Import Request.
  Time since last request: 0.000019 seconds.
  path: Assets/3dKR/door/door_low_door_frame_Normal_Raw.png
  artifactKey: Guid(63fbec1d28dcc9c4daa3184f06fa69ac) Importer(815301076,1909f56bfc062723c751e8b465ee728b)
Start importing Assets/3dKR/door/door_low_door_frame_Normal_Raw.png using Guid(63fbec1d28dcc9c4daa3184f06fa69ac) Importer(815301076,1909f56bfc062723c751e8b465ee728b)  -> (artifact id: '9c8210f3cb822d0f8419dac88aed1e2e') in 0.020173 seconds 
========================================================================
Received Import Request.
  Time since last request: 0.000021 seconds.
  path: Assets/3dKR/door/door_low_door_Metallic_Raw.png
  artifactKey: Guid(608800ce737d22644913816795e8c24b) Importer(815301076,1909f56bfc062723c751e8b465ee728b)
Start importing Assets/3dKR/door/door_low_door_Metallic_Raw.png using Guid(608800ce737d22644913816795e8c24b) Importer(815301076,1909f56bfc062723c751e8b465ee728b)  -> (artifact id: 'ab546d607b755ca7fc61317e11f73e60') in 0.025360 seconds 
========================================================================
Received Import Request.
  Time since last request: 0.000019 seconds.
  path: Assets/3dKR/door/door_frame_curve.png
  artifactKey: Guid(dbab886e9dbde2f47be2a514850266c0) Importer(815301076,1909f56bfc062723c751e8b465ee728b)
Start importing Assets/3dKR/door/door_frame_curve.png using Guid(dbab886e9dbde2f47be2a514850266c0) Importer(815301076,1909f56bfc062723c751e8b465ee728b)  -> (artifact id: '41196bde25e70ba2a09e4a77b77e6357') in 0.022871 seconds 
========================================================================
Received Import Request.
  Time since last request: 0.000015 seconds.
  path: Assets/3dKR/door/door_frame_normalobj.png
  artifactKey: Guid(0ff2af1fb7bde7c4485e8b673786405f) Importer(815301076,1909f56bfc062723c751e8b465ee728b)
Start importing Assets/3dKR/door/door_frame_normalobj.png using Guid(0ff2af1fb7bde7c4485e8b673786405f) Importer(815301076,1909f56bfc062723c751e8b465ee728b)  -> (artifact id: 'b596fed573421fcde09e3fdc8ed70800') in 0.021393 seconds 
========================================================================
Received Import Request.
  Time since last request: 0.000023 seconds.
  path: Assets/3dKR/door/door_normal.png
  artifactKey: Guid(3836c38052ed61b478411f8ce12090a2) Importer(815301076,1909f56bfc062723c751e8b465ee728b)
Start importing Assets/3dKR/door/door_normal.png using Guid(3836c38052ed61b478411f8ce12090a2) Importer(815301076,1909f56bfc062723c751e8b465ee728b)  -> (artifact id: 'befc08945476d538ae49b07ab4348daf') in 0.024154 seconds 
========================================================================
Received Import Request.
  Time since last request: 0.000025 seconds.
  path: Assets/3dKR/door/door_matid.png
  artifactKey: Guid(58bb2465793271f43a5957b2d33c75d1) Importer(815301076,1909f56bfc062723c751e8b465ee728b)
Start importing Assets/3dKR/door/door_matid.png using Guid(58bb2465793271f43a5957b2d33c75d1) Importer(815301076,1909f56bfc062723c751e8b465ee728b)  -> (artifact id: '62de52a5acf3dbf6045d8b61b59a88e9') in 0.025795 seconds 
========================================================================
Received Import Request.
  Time since last request: 0.000017 seconds.
  path: Assets/3dKR/door/door_low_door_frame_Metallic_Raw.png
  artifactKey: Guid(99af42ad8bbd9354084989f4aea72034) Importer(815301076,1909f56bfc062723c751e8b465ee728b)
Start importing Assets/3dKR/door/door_low_door_frame_Metallic_Raw.png using Guid(99af42ad8bbd9354084989f4aea72034) Importer(815301076,1909f56bfc062723c751e8b465ee728b)  -> (artifact id: '61186adf028fa53ad5ca3dcc7ccb2845') in 0.016254 seconds 
========================================================================
Received Import Request.
  Time since last request: 0.000017 seconds.
  path: Assets/3dKR/door/door_low.fbx
  artifactKey: Guid(e8075d7e127930c488cf863f0d338f44) Importer(815301076,1909f56bfc062723c751e8b465ee728b)
Start importing Assets/3dKR/door/door_low.fbx using Guid(e8075d7e127930c488cf863f0d338f44) Importer(815301076,1909f56bfc062723c751e8b465ee728b)  -> (artifact id: '32cbc589cb7b7c21b9341e38eca38551') in 0.119176 seconds 
========================================================================
Received Import Request.
  Time since last request: 9.054929 seconds.
  path: Assets/3dKR/door/door.mat
  artifactKey: Guid(a97dd9d2c89f69c49ab55d73fe81d4f9) Importer(815301076,1909f56bfc062723c751e8b465ee728b)
Start importing Assets/3dKR/door/door.mat using Guid(a97dd9d2c89f69c49ab55d73fe81d4f9) Importer(815301076,1909f56bfc062723c751e8b465ee728b)  -> (artifact id: '092ffb8774b581de2458950ddb2a0bfe') in 0.016007 seconds 
========================================================================
Received Import Request.
  Time since last request: 0.000018 seconds.
  path: Assets/3dKR/door/door_frame.mat
  artifactKey: Guid(4da5bbb250f1a4b4180c6a376b1db6a7) Importer(815301076,1909f56bfc062723c751e8b465ee728b)
Start importing Assets/3dKR/door/door_frame.mat using Guid(4da5bbb250f1a4b4180c6a376b1db6a7) Importer(815301076,1909f56bfc062723c751e8b465ee728b)  -> (artifact id: 'ab2f514ad087f5fa3451d6ef1f5b2a88') in 0.014800 seconds 
Editor requested this worker to shutdown with reason: Scaling down because of idle timeout
AssetImportWorkerClient::OnTransportError - code=2 error=End of file
AssetImportWorker is now disconnected from the server
Process exiting
Exiting without the bug reporter. Application will terminate with return code 0