Using pre-set license
Built from '2021.3/staging' branch; Version is '2021.3.22f1 (b6c551784ba3) revision 11978065'; Using compiler version '192829333'; Build Type 'Release'
OS: 'Windows 11  (10.0.22621) 64bit Professional' Language: 'ru' Physical Memory: 16088 MB
BatchMode: 1, IsHumanControllingUs: 0, StartBugReporterOnCrash: 0, Is64bit: 1, IsPro: 1

COMMAND LINE ARGUMENTS:
C:\Program Files\Unity\Hub\Editor\2021.3.22f1\Editor\Unity.exe
-adb2
-batchMode
-noUpm
-name
AssetImportWorker12
-projectPath
C:/Users/Dmitriy/UnityProjects/KR test
-logFile
Logs/AssetImportWorker12.log
-srvPort
55072
Successfully changed project path to: C:/Users/Dmitriy/UnityProjects/KR test
C:/Users/Dmitriy/UnityProjects/KR test
[UnityMemory] Configuration Parameters - Can be set up in boot.config
    "memorysetup-bucket-allocator-granularity=16"
    "memorysetup-bucket-allocator-bucket-count=8"
    "memorysetup-bucket-allocator-block-size=33554432"
    "memorysetup-bucket-allocator-block-count=8"
    "memorysetup-main-allocator-block-size=16777216"
    "memorysetup-thread-allocator-block-size=16777216"
    "memorysetup-gfx-main-allocator-block-size=16777216"
    "memorysetup-gfx-thread-allocator-block-size=16777216"
    "memorysetup-cache-allocator-block-size=4194304"
    "memorysetup-typetree-allocator-block-size=2097152"
    "memorysetup-profiler-bucket-allocator-granularity=16"
    "memorysetup-profiler-bucket-allocator-bucket-count=8"
    "memorysetup-profiler-bucket-allocator-block-size=33554432"
    "memorysetup-profiler-bucket-allocator-block-count=8"
    "memorysetup-profiler-allocator-block-size=16777216"
    "memorysetup-profiler-editor-allocator-block-size=1048576"
    "memorysetup-temp-allocator-size-main=16777216"
    "memorysetup-job-temp-allocator-block-size=2097152"
    "memorysetup-job-temp-allocator-block-size-background=1048576"
    "memorysetup-job-temp-allocator-reduction-small-platforms=262144"
    "memorysetup-temp-allocator-size-background-worker=32768"
    "memorysetup-temp-allocator-size-job-worker=262144"
    "memorysetup-temp-allocator-size-preload-manager=33554432"
    "memorysetup-temp-allocator-size-nav-mesh-worker=65536"
    "memorysetup-temp-allocator-size-audio-worker=65536"
    "memorysetup-temp-allocator-size-cloud-worker=32768"
    "memorysetup-temp-allocator-size-gi-baking-worker=262144"
    "memorysetup-temp-allocator-size-gfx=262144"
Player connection [6260] Host "[IP] 25.38.150.233 [Port] 0 [Flags] 2 [Guid] 1055483826 [EditorId] 1055483826 [Version] 1048832 [Id] WindowsEditor(7,DESKTOP-GL76) [Debug] 1 [PackageName] WindowsEditor [ProjectName] Editor" joined multi-casting on [225.0.0.222:54997]...

Player connection [6260] Host "[IP] 25.38.150.233 [Port] 0 [Flags] 2 [Guid] 1055483826 [EditorId] 1055483826 [Version] 1048832 [Id] WindowsEditor(7,DESKTOP-GL76) [Debug] 1 [PackageName] WindowsEditor [ProjectName] Editor" joined alternative multi-casting on [225.0.0.222:34997]...

Refreshing native plugins compatible for Editor in 51.91 ms, found 3 plugins.
Preloading 0 native plugins for Editor in 0.00 ms.
Initialize engine version: 2021.3.22f1 (b6c551784ba3)
[Subsystems] Discovering subsystems at path C:/Program Files/Unity/Hub/Editor/2021.3.22f1/Editor/Data/Resources/UnitySubsystems
[Subsystems] Discovering subsystems at path C:/Users/Dmitriy/UnityProjects/KR test/Assets
GfxDevice: creating device client; threaded=0; jobified=0
Direct3D:
    Version:  Direct3D 11.0 [level 11.1]
    Renderer: NVIDIA GeForce RTX 3060 Laptop GPU (ID=0x2520)
    Vendor:   NVIDIA
    VRAM:     6009 MB
    Driver:   31.0.15.3699
Initialize mono
Mono path[0] = 'C:/Program Files/Unity/Hub/Editor/2021.3.22f1/Editor/Data/Managed'
Mono path[1] = 'C:/Program Files/Unity/Hub/Editor/2021.3.22f1/Editor/Data/MonoBleedingEdge/lib/mono/unityjit-win32'
Mono config path = 'C:/Program Files/Unity/Hub/Editor/2021.3.22f1/Editor/Data/MonoBleedingEdge/etc'
Using monoOptions --debugger-agent=transport=dt_socket,embedding=1,server=y,suspend=n,address=127.0.0.1:56088
Begin MonoManager ReloadAssembly
Registering precompiled unity dll's ...
Register platform support module: C:/Program Files/Unity/Hub/Editor/2021.3.22f1/Editor/Data/PlaybackEngines/WebGLSupport/UnityEditor.WebGL.Extensions.dll
Register platform support module: C:/Program Files/Unity/Hub/Editor/2021.3.22f1/Editor/Data/PlaybackEngines/WindowsStandaloneSupport/UnityEditor.WindowsStandalone.Extensions.dll
Registered in 0.002290 seconds.
Native extension for WindowsStandalone target not found
Native extension for WebGL target not found
Refreshing native plugins compatible for Editor in 49.47 ms, found 3 plugins.
Preloading 0 native plugins for Editor in 0.00 ms.
Mono: successfully reloaded assembly
- Completed reload, in  0.411 seconds
Domain Reload Profiling:
	ReloadAssembly (412ms)
		BeginReloadAssembly (55ms)
			ExecutionOrderSort (0ms)
			DisableScriptedObjects (0ms)
			BackupInstance (0ms)
			ReleaseScriptingObjects (0ms)
			CreateAndSetChildDomain (1ms)
		EndReloadAssembly (295ms)
			LoadAssemblies (54ms)
			RebuildTransferFunctionScriptingTraits (0ms)
			SetupTypeCache (70ms)
			ReleaseScriptCaches (0ms)
			RebuildScriptCaches (19ms)
			SetupLoadedEditorAssemblies (171ms)
				LogAssemblyErrors (0ms)
				InitializePlatformSupportModulesInManaged (6ms)
				SetLoadedEditorAssemblies (0ms)
				RefreshPlugins (50ms)
				BeforeProcessingInitializeOnLoad (1ms)
				ProcessInitializeOnLoadAttributes (83ms)
				ProcessInitializeOnLoadMethodAttributes (32ms)
				AfterProcessingInitializeOnLoad (0ms)
				EditorAssembliesLoaded (0ms)
			ExecutionOrderSort2 (0ms)
			AwakeInstancesAfterBackupRestoration (0ms)
Platform modules already initialized, skipping
Registering precompiled user dll's ...
Registered in 0.002344 seconds.
Begin MonoManager ReloadAssembly
Symbol file LoadedFromMemory doesn't match image C:\Users\Dmitriy\UnityProjects\KR test\Library\PackageCache\com.unity.visualscripting@1.8.0\Editor\VisualScripting.Core\Dependencies\YamlDotNet\Unity.VisualScripting.YamlDotNet.dll
Symbol file LoadedFromMemory doesn't match image C:\Users\Dmitriy\UnityProjects\KR test\Library\PackageCache\com.unity.visualscripting@1.8.0\Editor\VisualScripting.Core\Dependencies\DotNetZip\Unity.VisualScripting.IonicZip.dll
Native extension for WindowsStandalone target not found
Native extension for WebGL target not found
Refreshing native plugins compatible for Editor in 0.40 ms, found 3 plugins.
Preloading 0 native plugins for Editor in 0.00 ms.
Mono: successfully reloaded assembly
- Completed reload, in  0.768 seconds
Domain Reload Profiling:
	ReloadAssembly (768ms)
		BeginReloadAssembly (80ms)
			ExecutionOrderSort (0ms)
			DisableScriptedObjects (4ms)
			BackupInstance (0ms)
			ReleaseScriptingObjects (0ms)
			CreateAndSetChildDomain (14ms)
		EndReloadAssembly (619ms)
			LoadAssemblies (56ms)
			RebuildTransferFunctionScriptingTraits (0ms)
			SetupTypeCache (244ms)
			ReleaseScriptCaches (0ms)
			RebuildScriptCaches (40ms)
			SetupLoadedEditorAssemblies (242ms)
				LogAssemblyErrors (0ms)
				InitializePlatformSupportModulesInManaged (6ms)
				SetLoadedEditorAssemblies (0ms)
				RefreshPlugins (0ms)
				BeforeProcessingInitializeOnLoad (56ms)
				ProcessInitializeOnLoadAttributes (162ms)
				ProcessInitializeOnLoadMethodAttributes (14ms)
				AfterProcessingInitializeOnLoad (3ms)
				EditorAssembliesLoaded (0ms)
			ExecutionOrderSort2 (0ms)
			AwakeInstancesAfterBackupRestoration (5ms)
Platform modules already initialized, skipping
========================================================================
Worker process is ready to serve import requests
Launched and connected shader compiler UnityShaderCompiler.exe after 0.04 seconds
Refreshing native plugins compatible for Editor in 0.73 ms, found 3 plugins.
Preloading 0 native plugins for Editor in 0.00 ms.
Unloading 3047 Unused Serialized files (Serialized files now loaded: 0)
Unloading 24 unused Assets / (113.3 KB). Loaded Objects now: 3507.
Memory consumption went from 107.6 MB to 107.5 MB.
Total: 3.229800 ms (FindLiveObjects: 0.177800 ms CreateObjectMapping: 0.078300 ms MarkObjects: 2.828900 ms  DeleteObjects: 0.143300 ms)

AssetImportParameters requested are different than current active one (requested -> active):
  custom:video-decoder-ogg-theora: a1e56fd34408186e4bbccfd4996cb3dc -> 
  custom:container-muxer-webm: aa71ff27fc2769a1b78a27578f13a17b -> 
  custom:container-demuxer-webm: 4f35f7cbe854078d1ac9338744f61a02 -> 
  custom:video-encoder-webm-vp8: eb34c28f22e8b96e1ab97ce403110664 -> 
  custom:audio-encoder-webm-vorbis: bf7c407c2cedff20999df2af8eb42d56 -> 
  custom:framework-win-MediaFoundation: 216162199b28c13a410421893ffa2e32 -> 
  custom:container-demuxer-ogg: 62fdf1f143b41e24485cea50d1cbac27 -> 
  custom:video-decoder-webm-vp8: 9c59270c3fd7afecdb556c50c9e8de78 -> 
  custom:audio-decoder-ogg-vorbis: bf7c407c2cedff20999df2af8eb42d56 -> 
========================================================================
Received Import Request.
  Time since last request: 2235122.466879 seconds.
  path: Assets/3dKR/lamp/lamp.mat
  artifactKey: Guid(8a1ec36370d8bc34fa6de350fc7203da) Importer(815301076,1909f56bfc062723c751e8b465ee728b)
Start importing Assets/3dKR/lamp/lamp.mat using Guid(8a1ec36370d8bc34fa6de350fc7203da) Importer(815301076,1909f56bfc062723c751e8b465ee728b)  -> (artifact id: '02fbfec2dbcb5212856360295de55e7d') in 0.091247 seconds 
========================================================================
Received Import Request.
  Time since last request: 111.261049 seconds.
  path: Assets/3dKR/lamp/lamp_normal.png
  artifactKey: Guid(e881e5ed853aa2f498410f12a9a69cb1) Importer(815301076,1909f56bfc062723c751e8b465ee728b)
Start importing Assets/3dKR/lamp/lamp_normal.png using Guid(e881e5ed853aa2f498410f12a9a69cb1) Importer(815301076,1909f56bfc062723c751e8b465ee728b)  -> (artifact id: '3a3974d5905905ec3e09231817b32568') in 0.028715 seconds 
========================================================================
Received Import Request.
  Time since last request: 201.198506 seconds.
  path: Assets/3dKR/lamp/lamp_low.fbx
  artifactKey: Guid(2072610195e54864d9a259456631d439) Importer(815301076,1909f56bfc062723c751e8b465ee728b)
Start importing Assets/3dKR/lamp/lamp_low.fbx using Guid(2072610195e54864d9a259456631d439) Importer(815301076,1909f56bfc062723c751e8b465ee728b)  -> (artifact id: 'c1349c234c1c86649a9ee54ffec4b3f2') in 0.085706 seconds 
========================================================================
Received Import Request.
  Time since last request: 104.273263 seconds.
  path: Assets/3dKR/laptop/laptop_curve.png
  artifactKey: Guid(838d1fd2a01985648a5fdb21d46c520a) Importer(815301076,1909f56bfc062723c751e8b465ee728b)
Start importing Assets/3dKR/laptop/laptop_curve.png using Guid(838d1fd2a01985648a5fdb21d46c520a) Importer(815301076,1909f56bfc062723c751e8b465ee728b)  -> (artifact id: '62341ca2b352b985093a3853faf6c518') in 0.017914 seconds 
========================================================================
Received Import Request.
  Time since last request: 0.000027 seconds.
  path: Assets/3dKR/laptop/laptop_low_laptop_Normal_Raw.png
  artifactKey: Guid(d83ede0bdbb540546a3db028a7f33e0b) Importer(815301076,1909f56bfc062723c751e8b465ee728b)
Start importing Assets/3dKR/laptop/laptop_low_laptop_Normal_Raw.png using Guid(d83ede0bdbb540546a3db028a7f33e0b) Importer(815301076,1909f56bfc062723c751e8b465ee728b)  -> (artifact id: '4c3035d877f0bb1569a33df0b2ebce7e') in 0.019703 seconds 
========================================================================
Received Import Request.
  Time since last request: 0.000017 seconds.
  path: Assets/3dKR/laptop/laptop_normalobj.png
  artifactKey: Guid(9e7676c861f6a64448ddf58949d2c257) Importer(815301076,1909f56bfc062723c751e8b465ee728b)
Start importing Assets/3dKR/laptop/laptop_normalobj.png using Guid(9e7676c861f6a64448ddf58949d2c257) Importer(815301076,1909f56bfc062723c751e8b465ee728b)  -> (artifact id: '245714995f118fb84c0154f9ef6c6a06') in 0.018168 seconds 
========================================================================
Received Import Request.
  Time since last request: 0.000031 seconds.
  path: Assets/3dKR/laptop/laptop_low.fbx
  artifactKey: Guid(bdfc7b11b46850a4591750a9e189426b) Importer(815301076,1909f56bfc062723c751e8b465ee728b)
Start importing Assets/3dKR/laptop/laptop_low.fbx using Guid(bdfc7b11b46850a4591750a9e189426b) Importer(815301076,1909f56bfc062723c751e8b465ee728b)  -> (artifact id: '279ebb0d8259cab52421b60208ec7ccd') in 0.029394 seconds 
========================================================================
Received Import Request.
  Time since last request: 0.000029 seconds.
  path: Assets/3dKR/laptop/laptop_normal.png
  artifactKey: Guid(512bb4f804be6b04fa4bd10395360f0f) Importer(815301076,1909f56bfc062723c751e8b465ee728b)
Start importing Assets/3dKR/laptop/laptop_normal.png using Guid(512bb4f804be6b04fa4bd10395360f0f) Importer(815301076,1909f56bfc062723c751e8b465ee728b)  -> (artifact id: '78aa743a21ba6b8246aac5071e2f007b') in 0.016596 seconds 
Editor requested this worker to shutdown with reason: Scaling down because of idle timeout
AssetImportWorkerClient::OnTransportError - code=2 error=End of file
AssetImportWorker is now disconnected from the server
Process exiting
Exiting without the bug reporter. Application will terminate with return code 0